{
  "RSpec": {
    "coverage": {
      "/Users/davidbayon/Coding/reddit/config/environment.rb": [
        null,
        1,
        null,
        null,
        1
      ],
      "/Users/davidbayon/Coding/reddit/config/application.rb": [
        1,
        null,
        null,
        1,
        1,
        1,
        1,
        1,
        1,
        null,
        null,
        null,
        null,
        1,
        null,
        1,
        1,
        null,
        null,
        null,
        null,
        null,
        null,
        null,
        null,
        null,
        null,
        null,
        null,
        null
      ],
      "/Users/davidbayon/Coding/reddit/config/boot.rb": [
        null,
        1,
        null,
        1
      ],
      "/Users/davidbayon/Coding/reddit/config/environments/test.rb": [
        1,
        null,
        null,
        null,
        null,
        null,
        null,
        1,
        null,
        null,
        null,
        null,
        1,
        null,
        null,
        1,
        1,
        null,
        null,
        1,
        1,
        null,
        null,
        1,
        null,
        null,
        1,
        null,
        null,
        null,
        null,
        1,
        null,
        null,
        1,
        null,
        null,
        null,
        null
      ],
      "/Users/davidbayon/Coding/reddit/config/initializers/assets.rb": [
        null,
        null,
        null,
        1,
        null,
        null,
        null,
        null
      ],
      "/Users/davidbayon/Coding/reddit/config/initializers/backtrace_silencers.rb": [
        null,
        null,
        null,
        null,
        null,
        null,
        null
      ],
      "/Users/davidbayon/Coding/reddit/config/initializers/cookies_serializer.rb": [
        null,
        null,
        1
      ],
      "/Users/davidbayon/Coding/reddit/config/initializers/devise.rb": [
        null,
        null,
        1,
        null,
        null,
        null,
        null,
        null,
        null,
        null,
        null,
        null,
        1,
        null,
        null,
        null,
        null,
        null,
        null,
        null,
        null,
        1,
        null,
        null,
        null,
        null,
        null,
        null,
        null,
        null,
        null,
        null,
        null,
        null,
        null,
        null,
        null,
        null,
        null,
        null,
        null,
        null,
        null,
        1,
        null,
        null,
        null,
        null,
        1,
        null,
        null,
        null,
        null,
        null,
        null,
        null,
        null,
        null,
        null,
        null,
        null,
        null,
        null,
        null,
        null,
        null,
        null,
        null,
        null,
        null,
        null,
        null,
        null,
        null,
        null,
        null,
        null,
        null,
        null,
        1,
        null,
        null,
        null,
        null,
        null,
        null,
        null,
        null,
        null,
        null,
        null,
        null,
        null,
        null,
        null,
        null,
        1,
        null,
        null,
        null,
        null,
        null,
        null,
        null,
        null,
        null,
        null,
        null,
        null,
        null,
        null,
        null,
        null,
        null,
        null,
        null,
        null,
        null,
        null,
        null,
        null,
        1,
        null,
        null,
        null,
        null,
        null,
        null,
        null,
        null,
        null,
        null,
        null,
        null,
        null,
        null,
        null,
        null,
        null,
        1,
        null,
        null,
        null,
        null,
        null,
        null,
        null,
        null,
        null,
        null,
        null,
        null,
        null,
        null,
        null,
        null,
        null,
        null,
        null,
        null,
        null,
        null,
        null,
        null,
        null,
        null,
        null,
        null,
        null,
        null,
        null,
        null,
        null,
        null,
        null,
        null,
        null,
        null,
        null,
        null,
        null,
        null,
        null,
        null,
        null,
        null,
        null,
        null,
        1,
        null,
        null,
        null,
        null,
        null,
        null,
        null,
        null,
        null,
        null,
        null,
        null,
        null,
        null,
        null,
        null,
        null,
        null,
        null,
        null,
        null,
        null,
        null,
        null,
        null,
        null,
        null,
        null,
        null,
        null,
        null,
        null,
        null,
        null,
        null,
        null,
        null,
        1,
        null,
        null,
        null,
        null,
        null,
        null,
        null,
        null,
        null,
        null,
        null,
        null,
        null,
        null,
        null,
        null,
        null,
        null,
        null,
        null,
        null,
        null,
        null,
        null,
        null,
        null,
        null,
        null,
        null
      ],
      "/Users/davidbayon/Coding/reddit/config/initializers/filter_parameter_logging.rb": [
        null,
        null,
        null,
        1
      ],
      "/Users/davidbayon/Coding/reddit/config/initializers/inflections.rb": [
        null,
        null,
        null,
        null,
        null,
        null,
        null,
        null,
        null,
        null,
        null,
        null,
        null,
        null,
        null,
        null
      ],
      "/Users/davidbayon/Coding/reddit/config/initializers/mime_types.rb": [
        null,
        null,
        null,
        null
      ],
      "/Users/davidbayon/Coding/reddit/config/initializers/pusher.rb": [
        1,
        null,
        1,
        1
      ],
      "/Users/davidbayon/Coding/reddit/config/initializers/session_store.rb": [
        null,
        null,
        1
      ],
      "/Users/davidbayon/Coding/reddit/config/initializers/wrap_parameters.rb": [
        null,
        null,
        null,
        null,
        null,
        null,
        1,
        1,
        null,
        null,
        null,
        null,
        null,
        null
      ],
      "/Users/davidbayon/Coding/reddit/config/routes.rb": [
        1,
        null,
        1,
        1,
        1,
        1,
        1,
        1,
        null,
        null,
        1,
        1,
        null,
        null,
        1,
        1,
        null,
        null,
        null,
        null,
        null,
        null,
        null,
        1,
        null,
        null,
        null,
        null,
        null,
        null,
        null,
        null,
        null,
        null,
        null,
        null,
        null,
        null,
        null,
        null,
        null,
        null,
        null,
        null,
        null,
        null,
        null,
        null,
        null,
        null,
        null,
        null,
        null,
        null,
        null,
        null,
        null,
        null,
        null,
        null,
        null,
        null,
        null,
        null,
        null,
        null,
        null,
        null,
        null,
        null,
        null,
        null,
        null,
        null
      ],
      "/Users/davidbayon/Coding/reddit/app/models/user.rb": [
        1,
        null,
        null,
        1,
        null,
        null,
        1,
        1,
        null,
        1,
        null
      ],
      "/Users/davidbayon/Coding/reddit/app/helpers/application_helper.rb": [
        1,
        null
      ],
      "/Users/davidbayon/Coding/reddit/app/helpers/comments_helper.rb": [
        1,
        null
      ],
      "/Users/davidbayon/Coding/reddit/app/helpers/posts_helper.rb": [
        1,
        null,
        null
      ],
      "/Users/davidbayon/Coding/reddit/app/helpers/users_helper.rb": [
        1,
        1,
        40,
        null,
        null,
        1,
        39,
        null,
        null
      ],
      "/Users/davidbayon/Coding/reddit/app/helpers/votes_helper.rb": [
        1,
        null
      ],
      "/Users/davidbayon/Coding/reddit/app/controllers/comments_controller.rb": [
        1,
        null,
        1,
        1,
        1,
        1,
        null,
        1,
        null,
        null,
        null
      ],
      "/Users/davidbayon/Coding/reddit/app/controllers/application_controller.rb": [
        1,
        null,
        null,
        1,
        null,
        1,
        null,
        1,
        null,
        1,
        3,
        null,
        null
      ],
      "/Users/davidbayon/Coding/reddit/app/controllers/posts_controller.rb": [
        1,
        null,
        1,
        null,
        1,
        49,
        null,
        null,
        1,
        1,
        1,
        null,
        null,
        1,
        4,
        1,
        null,
        null,
        1,
        4,
        1,
        null,
        null,
        1,
        3,
        3,
        null,
        null,
        1,
        3,
        3,
        null,
        3,
        2,
        2,
        null,
        null,
        null,
        null,
        null,
        null,
        2,
        null,
        1,
        null,
        null,
        null,
        1,
        1,
        1,
        null,
        null,
        1,
        1,
        1,
        null,
        1,
        1,
        null,
        0,
        null,
        null,
        null,
        1,
        5,
        5,
        null,
        null,
        1,
        1,
        1,
        null,
        1,
        null,
        null
      ],
      "/Users/davidbayon/Coding/reddit/app/controllers/users_controller.rb": [
        1,
        null,
        1,
        1,
        null,
        null
      ],
      "/Users/davidbayon/Coding/reddit/app/controllers/votes_controller.rb": [
        1,
        null,
        1,
        2,
        2,
        2,
        null,
        2,
        null,
        null
      ],
      "/Users/davidbayon/Coding/reddit/app/models/comment.rb": [
        1,
        1,
        1,
        null
      ],
      "/Users/davidbayon/Coding/reddit/app/models/post.rb": [
        1,
        1,
        null,
        1,
        1,
        1,
        null,
        1,
        null,
        1,
        31,
        null,
        null,
        1,
        113,
        null,
        null,
        1,
        113,
        null,
        null,
        1,
        89,
        null,
        null,
        1,
        2,
        null,
        null,
        1,
        34,
        3,
        null,
        null,
        null,
        1,
        52,
        52,
        null,
        52,
        52,
        6,
        null,
        0,
        null,
        46,
        null,
        null,
        52,
        null,
        52,
        null,
        null
      ],
      "/Users/davidbayon/Coding/reddit/app/models/vote.rb": [
        1,
        1,
        null
      ]
    },
    "timestamp": 1410780250
  }
}
